2026-04-08 11:28:07 | pdf_extractor.pipeline         | INFO     | pipeline_start | doc_type="purchase_order"
2026-04-08 11:28:07 | pdf_extractor.pipeline         | INFO     | step_preprocess
2026-04-08 11:28:07 | pdf_extractor.pipeline         | INFO     | step_evidence
2026-04-08 11:28:07 | pdf_extractor.pipeline         | INFO     | evidence_built | n_blocks=251
2026-04-08 11:28:07 | pdf_extractor.pipeline         | INFO     | step_schema
2026-04-08 11:28:07 | pdf_extractor.pipeline         | INFO     | step_extract
2026-04-08 11:28:07 | pdf_extractor.pipeline         | DEBUG    | extract_scalar | field="Header.Supplier"
2026-04-08 11:28:15 | pdf_extractor.pipeline         | DEBUG    | extract_scalar | field="Header.Buyer"
2026-04-08 11:28:17 | pdf_extractor.pipeline         | DEBUG    | extract_scalar | field="Header.BuyerAddress"
2026-04-08 11:28:18 | pdf_extractor.pipeline         | DEBUG    | extract_scalar | field="Header.BuyerName"
2026-04-08 11:28:20 | pdf_extractor.pipeline         | DEBUG    | extract_scalar | field="Header.Dept"
2026-04-08 11:28:22 | pdf_extractor.pipeline         | DEBUG    | extract_scalar | field="Header.FtyNo"
2026-04-08 11:28:24 | pdf_extractor.pipeline         | DEBUG    | extract_scalar | field="Header.PMNo"
2026-04-08 11:28:27 | pdf_extractor.pipeline         | DEBUG    | extract_scalar | field="Header.Date"
2026-04-08 11:28:28 | pdf_extractor.pipeline         | DEBUG    | extract_scalar | field="Footer.ShipmentTime"
2026-04-08 11:28:30 | pdf_extractor.pipeline         | DEBUG    | extract_scalar | field="Footer.PaymentTerms"
2026-04-08 11:28:32 | pdf_extractor.pipeline         | DEBUG    | extract_scalar | field="Footer.MarkingOfGoods"
2026-04-08 11:28:34 | pdf_extractor.pipeline         | DEBUG    | extract_scalar | field="Footer.Certificate"
2026-04-08 11:28:36 | pdf_extractor.pipeline         | DEBUG    | extract_scalar | field="Footer.SupplierNote"
2026-04-08 11:28:37 | pdf_extractor.pipeline         | DEBUG    | extract_list | field="RowWiseTable"
2026-04-08 11:29:48 | pdf_extractor.pipeline         | INFO     | step_repair
2026-04-08 11:29:48 | pdf_extractor.pipeline         | INFO     | step_validate
2026-04-08 11:29:48 | pdf_extractor.pipeline         | INFO     | pipeline_done | doc_type="purchase_order" | elapsed=100.5 | valid=true
2026-04-08 11:29:48 | pdf_extractor.pipeline         | INFO     | result_saved | path="output/purchase_order_result.json"
